Using pre-set license
Built from '2020.3/release' branch; Version is '2020.3.1f1 (77a89f25062f) revision 7841951'; Using compiler version '192528614'; Build Type 'Release'
OS: 'Windows 10 Home; OS build 19041.1165; Version 2004; 64bit' Language: 'nl' Physical Memory: 16326 MB
BatchMode: 1, IsHumanControllingUs: 0, StartBugReporterOnCrash: 0, Is64bit: 1, IsPro: 0

 COMMAND LINE ARGUMENTS:
C:\Program Files\Unity\Hub\Editor\2020.3.1f1\Editor\Unity.exe
-adb2
-batchMode
-noUpm
-name
AssetImportWorker1
-projectPath
C:/Users/Matth/OneDrive/Documenten/Github/ARPG
-logFile
Logs/AssetImportWorker1.log
-srvPort
64434
Successfully changed project path to: C:/Users/Matth/OneDrive/Documenten/Github/ARPG
C:/Users/Matth/OneDrive/Documenten/Github/ARPG
Using Asset Import Pipeline V2.
Refreshing native plugins compatible for Editor in 66.43 ms, found 0 plugins.
Preloading 0 native plugins for Editor in 0.00 ms.
Initialize engine version: 2020.3.1f1 (77a89f25062f)
[Subsystems] Discovering subsystems at path C:/Program Files/Unity/Hub/Editor/2020.3.1f1/Editor/Data/Resources/UnitySubsystems
[Subsystems] Discovering subsystems at path C:/Users/Matth/OneDrive/Documenten/Github/ARPG/Assets
GfxDevice: creating device client; threaded=0
Direct3D:
    Version:  Direct3D 11.0 [level 11.1]
    Renderer: NVIDIA GeForce RTX 2070 SUPER (ID=0x1e84)
    Vendor:   
    VRAM:     8011 MB
    Driver:   27.21.14.6611
Initialize mono
Mono path[0] = 'C:/Program Files/Unity/Hub/Editor/2020.3.1f1/Editor/Data/Managed'
Mono path[1] = 'C:/Program Files/Unity/Hub/Editor/2020.3.1f1/Editor/Data/MonoBleedingEdge/lib/mono/unityjit'
Mono config path = 'C:/Program Files/Unity/Hub/Editor/2020.3.1f1/Editor/Data/MonoBleedingEdge/etc'
Using monoOptions --debugger-agent=transport=dt_socket,embedding=1,server=y,suspend=n,address=127.0.0.1:56124
Begin MonoManager ReloadAssembly
Registering precompiled unity dll's ...
Register platform support module: C:/Program Files/Unity/Hub/Editor/2020.3.1f1/Editor/Data/PlaybackEngines/WindowsStandaloneSupport/UnityEditor.WindowsStandalone.Extensions.dll
Registered in 0.001969 seconds.
Native extension for WindowsStandalone target not found
Refreshing native plugins compatible for Editor in 46.70 ms, found 0 plugins.
Preloading 0 native plugins for Editor in 0.00 ms.
Invoked RoslynAnalysisRunner static constructor.
RoslynAnalysisRunner will not be running.
RoslynAnalysisRunner has terminated.
Mono: successfully reloaded assembly
- Completed reload, in  1.390 seconds
Platform modules already initialized, skipping
Registering precompiled user dll's ...
Registered in 0.001919 seconds.
Begin MonoManager ReloadAssembly
Native extension for WindowsStandalone target not found
Refreshing native plugins compatible for Editor in 51.93 ms, found 0 plugins.
Preloading 0 native plugins for Editor in 0.00 ms.
Invoked RoslynAnalysisRunner static constructor.
RoslynAnalysisRunner will not be running.
RoslynAnalysisRunner has terminated.
Mono: successfully reloaded assembly
- Completed reload, in  1.103 seconds
Platform modules already initialized, skipping
========================================================================
Worker process is ready to serve import requests
Shader 'Universal Render Pipeline/Particles/Lit': fallback shader 'Universal Render Pipeline/Particles/SimpleLit' not found
Shader 'Universal Render Pipeline/Particles/Lit': fallback shader 'Universal Render Pipeline/Particles/SimpleLit' not found
Launched and connected shader compiler UnityShaderCompiler.exe after 0.05 seconds
Refreshing native plugins compatible for Editor in 0.48 ms, found 0 plugins.
Preloading 0 native plugins for Editor in 0.00 ms.
Unloading 2781 Unused Serialized files (Serialized files now loaded: 0)
System memory in use before: 126.8 MB.
System memory in use after: 124.5 MB.

Unloading 47 unused Assets to reduce memory usage. Loaded Objects now: 3191.
Total: 4.218000 ms (FindLiveObjects: 0.637800 ms CreateObjectMapping: 0.232500 ms MarkObjects: 2.109000 ms  DeleteObjects: 1.237500 ms)

========================================================================
Received Import Request.
  path: Assets/Scripts/CameraController.cs
  artifactKey: Guid(069c388972a1d354a82445715762f87a) Importer(815301076,1909f56bfc062723c751e8b465ee728b)
Start importing Assets/Scripts/CameraController.cs using Guid(069c388972a1d354a82445715762f87a) Importer(815301076,1909f56bfc062723c751e8b465ee728b)  -> (artifact id: '330d32a877aeb98a8b6b2a693021cd4f') in 0.034339 seconds
  Import took 0.042860 seconds .

========================================================================
Received Prepare
Registering precompiled user dll's ...
Registered in 0.001574 seconds.
Begin MonoManager ReloadAssembly
Native extension for WindowsStandalone target not found
Refreshing native plugins compatible for Editor in 0.54 ms, found 0 plugins.
Preloading 0 native plugins for Editor in 0.00 ms.
Invoked RoslynAnalysisRunner static constructor.
RoslynAnalysisRunner will not be running.
RoslynAnalysisRunner has terminated.
Mono: successfully reloaded assembly
- Completed reload, in  0.973 seconds
Platform modules already initialized, skipping
Shader 'Universal Render Pipeline/Particles/Lit': fallback shader 'Universal Render Pipeline/Particles/SimpleLit' not found
Shader 'Universal Render Pipeline/Particles/Lit': fallback shader 'Universal Render Pipeline/Particles/SimpleLit' not found
Refreshing native plugins compatible for Editor in 0.53 ms, found 0 plugins.
Preloading 0 native plugins for Editor in 0.00 ms.
Unloading 2686 Unused Serialized files (Serialized files now loaded: 0)
System memory in use before: 122.0 MB.
System memory in use after: 119.7 MB.

Unloading 42 unused Assets to reduce memory usage. Loaded Objects now: 3194.
Total: 4.326100 ms (FindLiveObjects: 0.308800 ms CreateObjectMapping: 0.165400 ms MarkObjects: 2.461600 ms  DeleteObjects: 1.388700 ms)

========================================================================
Received Import Request.
  Time since last request: 444.245914 seconds.
  path: Assets/Scripts/CameraController.cs
  artifactKey: Guid(069c388972a1d354a82445715762f87a) Importer(815301076,1909f56bfc062723c751e8b465ee728b)
Start importing Assets/Scripts/CameraController.cs using Guid(069c388972a1d354a82445715762f87a) Importer(815301076,1909f56bfc062723c751e8b465ee728b)  -> (artifact id: '81f6c4e574eb321b6ccc0a9207e9d50b') in 0.006090 seconds
  Import took 0.012266 seconds .

========================================================================
Received Prepare
Registering precompiled user dll's ...
Registered in 0.001526 seconds.
Begin MonoManager ReloadAssembly
Native extension for WindowsStandalone target not found
Refreshing native plugins compatible for Editor in 0.52 ms, found 0 plugins.
Preloading 0 native plugins for Editor in 0.00 ms.
Invoked RoslynAnalysisRunner static constructor.
RoslynAnalysisRunner will not be running.
RoslynAnalysisRunner has terminated.
Mono: successfully reloaded assembly
- Completed reload, in  0.966 seconds
Platform modules already initialized, skipping
Shader 'Universal Render Pipeline/Particles/Lit': fallback shader 'Universal Render Pipeline/Particles/SimpleLit' not found
Shader 'Universal Render Pipeline/Particles/Lit': fallback shader 'Universal Render Pipeline/Particles/SimpleLit' not found
Refreshing native plugins compatible for Editor in 0.53 ms, found 0 plugins.
Preloading 0 native plugins for Editor in 0.00 ms.
Unloading 2686 Unused Serialized files (Serialized files now loaded: 0)
System memory in use before: 122.0 MB.
System memory in use after: 119.8 MB.

Unloading 42 unused Assets to reduce memory usage. Loaded Objects now: 3197.
Total: 4.042500 ms (FindLiveObjects: 0.290900 ms CreateObjectMapping: 0.219500 ms MarkObjects: 2.075100 ms  DeleteObjects: 1.455800 ms)

========================================================================
Received Prepare
Registering precompiled user dll's ...
Registered in 0.001722 seconds.
Begin MonoManager ReloadAssembly
Native extension for WindowsStandalone target not found
Refreshing native plugins compatible for Editor in 0.51 ms, found 0 plugins.
Preloading 0 native plugins for Editor in 0.00 ms.
Invoked RoslynAnalysisRunner static constructor.
RoslynAnalysisRunner will not be running.
RoslynAnalysisRunner has terminated.
Mono: successfully reloaded assembly
- Completed reload, in  1.074 seconds
Platform modules already initialized, skipping
Shader 'Universal Render Pipeline/Particles/Lit': fallback shader 'Universal Render Pipeline/Particles/SimpleLit' not found
Shader 'Universal Render Pipeline/Particles/Lit': fallback shader 'Universal Render Pipeline/Particles/SimpleLit' not found
Refreshing native plugins compatible for Editor in 0.59 ms, found 0 plugins.
Preloading 0 native plugins for Editor in 0.00 ms.
Unloading 2686 Unused Serialized files (Serialized files now loaded: 0)
System memory in use before: 122.3 MB.
System memory in use after: 120.0 MB.

Unloading 42 unused Assets to reduce memory usage. Loaded Objects now: 3200.
Total: 3.737000 ms (FindLiveObjects: 0.250200 ms CreateObjectMapping: 0.127600 ms MarkObjects: 1.976100 ms  DeleteObjects: 1.381600 ms)

========================================================================
Received Prepare
Registering precompiled user dll's ...
Registered in 0.001551 seconds.
Begin MonoManager ReloadAssembly
Native extension for WindowsStandalone target not found
Refreshing native plugins compatible for Editor in 0.48 ms, found 0 plugins.
Preloading 0 native plugins for Editor in 0.00 ms.
Invoked RoslynAnalysisRunner static constructor.
RoslynAnalysisRunner will not be running.
RoslynAnalysisRunner has terminated.
Mono: successfully reloaded assembly
- Completed reload, in  0.930 seconds
Platform modules already initialized, skipping
Shader 'Universal Render Pipeline/Particles/Lit': fallback shader 'Universal Render Pipeline/Particles/SimpleLit' not found
Shader 'Universal Render Pipeline/Particles/Lit': fallback shader 'Universal Render Pipeline/Particles/SimpleLit' not found
Refreshing native plugins compatible for Editor in 0.50 ms, found 0 plugins.
Preloading 0 native plugins for Editor in 0.00 ms.
Unloading 2686 Unused Serialized files (Serialized files now loaded: 0)
System memory in use before: 122.1 MB.
System memory in use after: 119.8 MB.

Unloading 42 unused Assets to reduce memory usage. Loaded Objects now: 3203.
Total: 3.987200 ms (FindLiveObjects: 0.348900 ms CreateObjectMapping: 0.174700 ms MarkObjects: 2.005600 ms  DeleteObjects: 1.456100 ms)

========================================================================
Received Prepare
Registering precompiled user dll's ...
Registered in 0.001623 seconds.
Begin MonoManager ReloadAssembly
Native extension for WindowsStandalone target not found
Refreshing native plugins compatible for Editor in 0.49 ms, found 0 plugins.
Preloading 0 native plugins for Editor in 0.00 ms.
Invoked RoslynAnalysisRunner static constructor.
RoslynAnalysisRunner will not be running.
RoslynAnalysisRunner has terminated.
Mono: successfully reloaded assembly
- Completed reload, in  0.965 seconds
Platform modules already initialized, skipping
Shader 'Universal Render Pipeline/Particles/Lit': fallback shader 'Universal Render Pipeline/Particles/SimpleLit' not found
Shader 'Universal Render Pipeline/Particles/Lit': fallback shader 'Universal Render Pipeline/Particles/SimpleLit' not found
Refreshing native plugins compatible for Editor in 0.48 ms, found 0 plugins.
Preloading 0 native plugins for Editor in 0.00 ms.
Unloading 2686 Unused Serialized files (Serialized files now loaded: 0)
System memory in use before: 122.1 MB.
System memory in use after: 119.8 MB.

Unloading 42 unused Assets to reduce memory usage. Loaded Objects now: 3206.
Total: 3.956800 ms (FindLiveObjects: 0.295600 ms CreateObjectMapping: 0.173000 ms MarkObjects: 1.963500 ms  DeleteObjects: 1.522900 ms)

========================================================================
Received Prepare
Registering precompiled user dll's ...
Registered in 0.001586 seconds.
Begin MonoManager ReloadAssembly
Native extension for WindowsStandalone target not found
Refreshing native plugins compatible for Editor in 0.50 ms, found 0 plugins.
Preloading 0 native plugins for Editor in 0.00 ms.
Invoked RoslynAnalysisRunner static constructor.
RoslynAnalysisRunner will not be running.
RoslynAnalysisRunner has terminated.
Mono: successfully reloaded assembly
- Completed reload, in  0.967 seconds
Platform modules already initialized, skipping
Shader 'Universal Render Pipeline/Particles/Lit': fallback shader 'Universal Render Pipeline/Particles/SimpleLit' not found
Shader 'Universal Render Pipeline/Particles/Lit': fallback shader 'Universal Render Pipeline/Particles/SimpleLit' not found
Refreshing native plugins compatible for Editor in 0.53 ms, found 0 plugins.
Preloading 0 native plugins for Editor in 0.00 ms.
Unloading 2686 Unused Serialized files (Serialized files now loaded: 0)
System memory in use before: 122.1 MB.
System memory in use after: 119.9 MB.

Unloading 42 unused Assets to reduce memory usage. Loaded Objects now: 3209.
Total: 5.310800 ms (FindLiveObjects: 0.486800 ms CreateObjectMapping: 0.167200 ms MarkObjects: 2.919600 ms  DeleteObjects: 1.735400 ms)

========================================================================
Received Prepare
Registering precompiled user dll's ...
Registered in 0.001543 seconds.
Begin MonoManager ReloadAssembly
Native extension for WindowsStandalone target not found
Refreshing native plugins compatible for Editor in 0.72 ms, found 0 plugins.
Preloading 0 native plugins for Editor in 0.00 ms.
Invoked RoslynAnalysisRunner static constructor.
RoslynAnalysisRunner will not be running.
RoslynAnalysisRunner has terminated.
Mono: successfully reloaded assembly
- Completed reload, in  0.966 seconds
Platform modules already initialized, skipping
Shader 'Universal Render Pipeline/Particles/Lit': fallback shader 'Universal Render Pipeline/Particles/SimpleLit' not found
Shader 'Universal Render Pipeline/Particles/Lit': fallback shader 'Universal Render Pipeline/Particles/SimpleLit' not found
Refreshing native plugins compatible for Editor in 0.55 ms, found 0 plugins.
Preloading 0 native plugins for Editor in 0.00 ms.
Unloading 2686 Unused Serialized files (Serialized files now loaded: 0)
System memory in use before: 122.1 MB.
System memory in use after: 119.9 MB.

Unloading 42 unused Assets to reduce memory usage. Loaded Objects now: 3212.
Total: 5.707200 ms (FindLiveObjects: 0.416800 ms CreateObjectMapping: 0.196800 ms MarkObjects: 3.214300 ms  DeleteObjects: 1.877600 ms)

========================================================================
Received Prepare
Registering precompiled user dll's ...
Registered in 0.001911 seconds.
Begin MonoManager ReloadAssembly
Native extension for WindowsStandalone target not found
Refreshing native plugins compatible for Editor in 0.44 ms, found 0 plugins.
Preloading 0 native plugins for Editor in 0.00 ms.
Invoked RoslynAnalysisRunner static constructor.
RoslynAnalysisRunner will not be running.
RoslynAnalysisRunner has terminated.
Mono: successfully reloaded assembly
- Completed reload, in  1.007 seconds
Platform modules already initialized, skipping
Shader 'Universal Render Pipeline/Particles/Lit': fallback shader 'Universal Render Pipeline/Particles/SimpleLit' not found
Shader 'Universal Render Pipeline/Particles/Lit': fallback shader 'Universal Render Pipeline/Particles/SimpleLit' not found
Refreshing native plugins compatible for Editor in 0.49 ms, found 0 plugins.
Preloading 0 native plugins for Editor in 0.00 ms.
Unloading 2686 Unused Serialized files (Serialized files now loaded: 0)
System memory in use before: 122.1 MB.
System memory in use after: 119.9 MB.

Unloading 42 unused Assets to reduce memory usage. Loaded Objects now: 3215.
Total: 3.783900 ms (FindLiveObjects: 0.271200 ms CreateObjectMapping: 0.126000 ms MarkObjects: 1.897700 ms  DeleteObjects: 1.487400 ms)

========================================================================
Received Prepare
Registering precompiled user dll's ...
Registered in 0.002446 seconds.
Begin MonoManager ReloadAssembly
Native extension for WindowsStandalone target not found
Refreshing native plugins compatible for Editor in 0.54 ms, found 0 plugins.
Preloading 0 native plugins for Editor in 0.00 ms.
Invoked RoslynAnalysisRunner static constructor.
RoslynAnalysisRunner will not be running.
RoslynAnalysisRunner has terminated.
Mono: successfully reloaded assembly
- Completed reload, in  0.966 seconds
Platform modules already initialized, skipping
Shader 'Universal Render Pipeline/Particles/Lit': fallback shader 'Universal Render Pipeline/Particles/SimpleLit' not found
Shader 'Universal Render Pipeline/Particles/Lit': fallback shader 'Universal Render Pipeline/Particles/SimpleLit' not found
Refreshing native plugins compatible for Editor in 0.44 ms, found 0 plugins.
Preloading 0 native plugins for Editor in 0.00 ms.
Unloading 2686 Unused Serialized files (Serialized files now loaded: 0)
System memory in use before: 122.1 MB.
System memory in use after: 119.9 MB.

Unloading 42 unused Assets to reduce memory usage. Loaded Objects now: 3218.
Total: 4.393500 ms (FindLiveObjects: 0.284300 ms CreateObjectMapping: 0.136100 ms MarkObjects: 2.367400 ms  DeleteObjects: 1.603900 ms)

========================================================================
Received Prepare
Registering precompiled user dll's ...
Registered in 0.001688 seconds.
Begin MonoManager ReloadAssembly
Native extension for WindowsStandalone target not found
Refreshing native plugins compatible for Editor in 0.42 ms, found 0 plugins.
Preloading 0 native plugins for Editor in 0.00 ms.
Invoked RoslynAnalysisRunner static constructor.
RoslynAnalysisRunner will not be running.
RoslynAnalysisRunner has terminated.
Mono: successfully reloaded assembly
- Completed reload, in  0.982 seconds
Platform modules already initialized, skipping
Shader 'Universal Render Pipeline/Particles/Lit': fallback shader 'Universal Render Pipeline/Particles/SimpleLit' not found
Shader 'Universal Render Pipeline/Particles/Lit': fallback shader 'Universal Render Pipeline/Particles/SimpleLit' not found
Refreshing native plugins compatible for Editor in 0.48 ms, found 0 plugins.
Preloading 0 native plugins for Editor in 0.00 ms.
Unloading 2686 Unused Serialized files (Serialized files now loaded: 0)
System memory in use before: 122.3 MB.
System memory in use after: 120.0 MB.

Unloading 42 unused Assets to reduce memory usage. Loaded Objects now: 3221.
Total: 3.750500 ms (FindLiveObjects: 0.270900 ms CreateObjectMapping: 0.125000 ms MarkObjects: 1.826300 ms  DeleteObjects: 1.526600 ms)

========================================================================
Received Prepare
Registering precompiled user dll's ...
Registered in 0.001555 seconds.
Begin MonoManager ReloadAssembly
Native extension for WindowsStandalone target not found
Refreshing native plugins compatible for Editor in 0.45 ms, found 0 plugins.
Preloading 0 native plugins for Editor in 0.00 ms.
Invoked RoslynAnalysisRunner static constructor.
RoslynAnalysisRunner will not be running.
RoslynAnalysisRunner has terminated.
Mono: successfully reloaded assembly
- Completed reload, in  1.138 seconds
Platform modules already initialized, skipping
Shader 'Universal Render Pipeline/Particles/Lit': fallback shader 'Universal Render Pipeline/Particles/SimpleLit' not found
Shader 'Universal Render Pipeline/Particles/Lit': fallback shader 'Universal Render Pipeline/Particles/SimpleLit' not found
Refreshing native plugins compatible for Editor in 0.44 ms, found 0 plugins.
Preloading 0 native plugins for Editor in 0.00 ms.
Unloading 2686 Unused Serialized files (Serialized files now loaded: 0)
System memory in use before: 122.1 MB.
System memory in use after: 119.9 MB.

Unloading 42 unused Assets to reduce memory usage. Loaded Objects now: 3224.
Total: 4.515800 ms (FindLiveObjects: 0.385800 ms CreateObjectMapping: 0.179000 ms MarkObjects: 2.355900 ms  DeleteObjects: 1.593900 ms)

========================================================================
Received Prepare
Registering precompiled user dll's ...
Registered in 0.002192 seconds.
Begin MonoManager ReloadAssembly
Native extension for WindowsStandalone target not found
Refreshing native plugins compatible for Editor in 0.49 ms, found 1 plugins.
Preloading 0 native plugins for Editor in 0.00 ms.
Invoked RoslynAnalysisRunner static constructor.
RoslynAnalysisRunner will not be running.
RoslynAnalysisRunner has terminated.
Mono: successfully reloaded assembly
- Completed reload, in  1.106 seconds
Platform modules already initialized, skipping
Shader 'Universal Render Pipeline/Particles/Lit': fallback shader 'Universal Render Pipeline/Particles/SimpleLit' not found
Shader 'Universal Render Pipeline/Particles/Lit': fallback shader 'Universal Render Pipeline/Particles/SimpleLit' not found
Refreshing native plugins compatible for Editor in 0.61 ms, found 1 plugins.
Preloading 0 native plugins for Editor in 0.00 ms.
Unloading 3021 Unused Serialized files (Serialized files now loaded: 0)
System memory in use before: 132.4 MB.
System memory in use after: 130.1 MB.

Unloading 48 unused Assets to reduce memory usage. Loaded Objects now: 3562.
Total: 3.522100 ms (FindLiveObjects: 0.291900 ms CreateObjectMapping: 0.142300 ms MarkObjects: 1.759500 ms  DeleteObjects: 1.327600 ms)

========================================================================
Received Prepare
Registering precompiled user dll's ...
Registered in 0.005526 seconds.
Begin MonoManager ReloadAssembly
Native extension for WindowsStandalone target not found
Refreshing native plugins compatible for Editor in 55.44 ms, found 1 plugins.
Preloading 0 native plugins for Editor in 0.00 ms.
Invoked RoslynAnalysisRunner static constructor.
RoslynAnalysisRunner will not be running.
RoslynAnalysisRunner has terminated.
Mono: successfully reloaded assembly
- Completed reload, in  1.195 seconds
Platform modules already initialized, skipping
Shader 'Universal Render Pipeline/Particles/Lit': fallback shader 'Universal Render Pipeline/Particles/SimpleLit' not found
Shader 'Universal Render Pipeline/Particles/Lit': fallback shader 'Universal Render Pipeline/Particles/SimpleLit' not found
Refreshing native plugins compatible for Editor in 0.57 ms, found 1 plugins.
Preloading 0 native plugins for Editor in 0.00 ms.
Unloading 3082 Unused Serialized files (Serialized files now loaded: 0)
System memory in use before: 134.1 MB.
System memory in use after: 131.8 MB.

Unloading 48 unused Assets to reduce memory usage. Loaded Objects now: 3627.
Total: 8.397300 ms (FindLiveObjects: 0.843800 ms CreateObjectMapping: 0.390600 ms MarkObjects: 4.078900 ms  DeleteObjects: 3.082000 ms)

========================================================================
Received Prepare
Registering precompiled user dll's ...
Registered in 0.002802 seconds.
Begin MonoManager ReloadAssembly
Native extension for WindowsStandalone target not found
Refreshing native plugins compatible for Editor in 0.53 ms, found 1 plugins.
Preloading 0 native plugins for Editor in 0.00 ms.
Invoked RoslynAnalysisRunner static constructor.
RoslynAnalysisRunner will not be running.
RoslynAnalysisRunner has terminated.
Mono: successfully reloaded assembly
- Completed reload, in  1.058 seconds
Platform modules already initialized, skipping
Shader 'Universal Render Pipeline/Particles/Lit': fallback shader 'Universal Render Pipeline/Particles/SimpleLit' not found
Shader 'Universal Render Pipeline/Particles/Lit': fallback shader 'Universal Render Pipeline/Particles/SimpleLit' not found
Refreshing native plugins compatible for Editor in 0.54 ms, found 1 plugins.
Preloading 0 native plugins for Editor in 0.00 ms.
Unloading 3083 Unused Serialized files (Serialized files now loaded: 0)
System memory in use before: 134.1 MB.
System memory in use after: 131.8 MB.

Unloading 48 unused Assets to reduce memory usage. Loaded Objects now: 3632.
Total: 4.639600 ms (FindLiveObjects: 0.390500 ms CreateObjectMapping: 0.273100 ms MarkObjects: 2.466300 ms  DeleteObjects: 1.508400 ms)

========================================================================
Received Import Request.
  Time since last request: 6773.311747 seconds.
  path: Assets/Scripts/Sprites
  artifactKey: Guid(8382ac5108f390f45bfbd51cda9e6209) Importer(815301076,1909f56bfc062723c751e8b465ee728b)
Start importing Assets/Scripts/Sprites using Guid(8382ac5108f390f45bfbd51cda9e6209) Importer(815301076,1909f56bfc062723c751e8b465ee728b)  -> (artifact id: '1955f18237ca1b23cf86702cb2d5634c') in 0.019341 seconds
  Import took 0.025903 seconds .

========================================================================
Received Prepare
Registering precompiled user dll's ...
Registered in 0.002291 seconds.
Begin MonoManager ReloadAssembly
Native extension for WindowsStandalone target not found
Refreshing native plugins compatible for Editor in 0.57 ms, found 1 plugins.
Preloading 0 native plugins for Editor in 0.00 ms.
Invoked RoslynAnalysisRunner static constructor.
RoslynAnalysisRunner will not be running.
RoslynAnalysisRunner has terminated.
Mono: successfully reloaded assembly
- Completed reload, in  1.052 seconds
Platform modules already initialized, skipping
Shader 'Universal Render Pipeline/Particles/Lit': fallback shader 'Universal Render Pipeline/Particles/SimpleLit' not found
Shader 'Universal Render Pipeline/Particles/Lit': fallback shader 'Universal Render Pipeline/Particles/SimpleLit' not found
Refreshing native plugins compatible for Editor in 0.59 ms, found 1 plugins.
Preloading 0 native plugins for Editor in 0.00 ms.
Unloading 3082 Unused Serialized files (Serialized files now loaded: 0)
System memory in use before: 134.1 MB.
System memory in use after: 131.8 MB.

Unloading 48 unused Assets to reduce memory usage. Loaded Objects now: 3636.
Total: 4.307800 ms (FindLiveObjects: 0.371000 ms CreateObjectMapping: 0.199900 ms MarkObjects: 2.213400 ms  DeleteObjects: 1.522300 ms)

========================================================================
Received Prepare
Registering precompiled user dll's ...
Registered in 0.001819 seconds.
Begin MonoManager ReloadAssembly
Native extension for WindowsStandalone target not found
Refreshing native plugins compatible for Editor in 0.57 ms, found 1 plugins.
Preloading 0 native plugins for Editor in 0.00 ms.
Invoked RoslynAnalysisRunner static constructor.
RoslynAnalysisRunner will not be running.
RoslynAnalysisRunner has terminated.
Mono: successfully reloaded assembly
- Completed reload, in  1.060 seconds
Platform modules already initialized, skipping
Shader 'Universal Render Pipeline/Particles/Lit': fallback shader 'Universal Render Pipeline/Particles/SimpleLit' not found
Shader 'Universal Render Pipeline/Particles/Lit': fallback shader 'Universal Render Pipeline/Particles/SimpleLit' not found
Refreshing native plugins compatible for Editor in 0.51 ms, found 1 plugins.
Preloading 0 native plugins for Editor in 0.00 ms.
Unloading 3083 Unused Serialized files (Serialized files now loaded: 0)
System memory in use before: 134.1 MB.
System memory in use after: 131.8 MB.

Unloading 48 unused Assets to reduce memory usage. Loaded Objects now: 3640.
Total: 4.450200 ms (FindLiveObjects: 0.357200 ms CreateObjectMapping: 0.261000 ms MarkObjects: 2.321500 ms  DeleteObjects: 1.509200 ms)

========================================================================
Received Prepare
Registering precompiled user dll's ...
Registered in 0.002165 seconds.
Begin MonoManager ReloadAssembly
Native extension for WindowsStandalone target not found
Refreshing native plugins compatible for Editor in 0.53 ms, found 1 plugins.
Preloading 0 native plugins for Editor in 0.00 ms.
Invoked RoslynAnalysisRunner static constructor.
RoslynAnalysisRunner will not be running.
RoslynAnalysisRunner has terminated.
Mono: successfully reloaded assembly
- Completed reload, in  1.026 seconds
Platform modules already initialized, skipping
Shader 'Universal Render Pipeline/Particles/Lit': fallback shader 'Universal Render Pipeline/Particles/SimpleLit' not found
Shader 'Universal Render Pipeline/Particles/Lit': fallback shader 'Universal Render Pipeline/Particles/SimpleLit' not found
Refreshing native plugins compatible for Editor in 0.87 ms, found 1 plugins.
Preloading 0 native plugins for Editor in 0.00 ms.
Unloading 3082 Unused Serialized files (Serialized files now loaded: 0)
System memory in use before: 134.2 MB.
System memory in use after: 131.8 MB.

Unloading 48 unused Assets to reduce memory usage. Loaded Objects now: 3644.
Total: 8.690000 ms (FindLiveObjects: 0.351600 ms CreateObjectMapping: 0.217500 ms MarkObjects: 6.609900 ms  DeleteObjects: 1.509600 ms)

========================================================================
Received Import Request.
  Time since last request: 328.511130 seconds.
  path: Assets/Scripts/Sprites/Knight.psb
  artifactKey: Guid(67e7f9ead7341174699eec7f5748c1d6) Importer(815301076,1909f56bfc062723c751e8b465ee728b)
Start importing Assets/Scripts/Sprites/Knight.psb using Guid(67e7f9ead7341174699eec7f5748c1d6) Importer(815301076,1909f56bfc062723c751e8b465ee728b)  -> (artifact id: 'e16d5c75929c883c5ad8efc5f30304f8') in 0.332121 seconds
  Import took 0.341476 seconds .

========================================================================
Received Import Request.
  Time since last request: 602.428508 seconds.
  path: Assets/Scripts/Sprites/Knight.psb
  artifactKey: Guid(67e7f9ead7341174699eec7f5748c1d6) Importer(815301076,1909f56bfc062723c751e8b465ee728b)
Start importing Assets/Scripts/Sprites/Knight.psb using Guid(67e7f9ead7341174699eec7f5748c1d6) Importer(815301076,1909f56bfc062723c751e8b465ee728b)  -> (artifact id: 'ad9027d02cda29d49ff09d499fc7e977') in 0.060999 seconds
  Import took 0.071985 seconds .

========================================================================
Received Import Request.
  Time since last request: 47.820106 seconds.
  path: Assets/Scripts/Sprites/Knight.psb
  artifactKey: Guid(67e7f9ead7341174699eec7f5748c1d6) Importer(815301076,1909f56bfc062723c751e8b465ee728b)
Start importing Assets/Scripts/Sprites/Knight.psb using Guid(67e7f9ead7341174699eec7f5748c1d6) Importer(815301076,1909f56bfc062723c751e8b465ee728b)  -> (artifact id: '76ed5826eb040d676e319969433eb4da') in 0.071221 seconds
  Import took 0.080404 seconds .

========================================================================
Received Import Request.
  Time since last request: 12.123699 seconds.
  path: Assets/Scripts/Sprites/Knight.psb
  artifactKey: Guid(67e7f9ead7341174699eec7f5748c1d6) Importer(815301076,1909f56bfc062723c751e8b465ee728b)
Start importing Assets/Scripts/Sprites/Knight.psb using Guid(67e7f9ead7341174699eec7f5748c1d6) Importer(815301076,1909f56bfc062723c751e8b465ee728b)  -> (artifact id: '951149b96054c62da6d0f2a2d96da111') in 0.059104 seconds
  Import took 0.067704 seconds .

========================================================================
Received Import Request.
  Time since last request: 11.078412 seconds.
  path: Assets/Scripts/Sprites/Knight.psb
  artifactKey: Guid(67e7f9ead7341174699eec7f5748c1d6) Importer(815301076,1909f56bfc062723c751e8b465ee728b)
Start importing Assets/Scripts/Sprites/Knight.psb using Guid(67e7f9ead7341174699eec7f5748c1d6) Importer(815301076,1909f56bfc062723c751e8b465ee728b)  -> (artifact id: '7fb4a7b8aa07e3edd828d00b38eb4fed') in 0.089258 seconds
  Import took 0.101676 seconds .

========================================================================
Received Import Request.
  Time since last request: 3.181975 seconds.
  path: Assets/Scripts/Sprites/Knight.psb
  artifactKey: Guid(67e7f9ead7341174699eec7f5748c1d6) Importer(815301076,1909f56bfc062723c751e8b465ee728b)
Start importing Assets/Scripts/Sprites/Knight.psb using Guid(67e7f9ead7341174699eec7f5748c1d6) Importer(815301076,1909f56bfc062723c751e8b465ee728b)  -> (artifact id: 'd554a9dbe02c4a8fb5fe1ac8a29ecd16') in 0.068214 seconds
  Import took 0.079261 seconds .

========================================================================
Received Prepare
Registering precompiled user dll's ...
Registered in 0.001909 seconds.
Begin MonoManager ReloadAssembly
Native extension for WindowsStandalone target not found
Refreshing native plugins compatible for Editor in 0.57 ms, found 1 plugins.
Preloading 0 native plugins for Editor in 0.00 ms.
Invoked RoslynAnalysisRunner static constructor.
RoslynAnalysisRunner will not be running.
RoslynAnalysisRunner has terminated.
Mono: successfully reloaded assembly
- Completed reload, in  1.088 seconds
Platform modules already initialized, skipping
Shader 'Universal Render Pipeline/Particles/Lit': fallback shader 'Universal Render Pipeline/Particles/SimpleLit' not found
Shader 'Universal Render Pipeline/Particles/Lit': fallback shader 'Universal Render Pipeline/Particles/SimpleLit' not found
Refreshing native plugins compatible for Editor in 0.62 ms, found 1 plugins.
Preloading 0 native plugins for Editor in 0.00 ms.
Unloading 3082 Unused Serialized files (Serialized files now loaded: 0)
System memory in use before: 139.4 MB.
System memory in use after: 137.1 MB.

Unloading 48 unused Assets to reduce memory usage. Loaded Objects now: 3707.
Total: 4.255900 ms (FindLiveObjects: 0.379500 ms CreateObjectMapping: 0.188500 ms MarkObjects: 2.291000 ms  DeleteObjects: 1.395300 ms)

========================================================================
Received Import Request.
  Time since last request: 92.914213 seconds.
  path: Assets/Scripts/Sprites/Knight.psb
  artifactKey: Guid(67e7f9ead7341174699eec7f5748c1d6) Importer(815301076,1909f56bfc062723c751e8b465ee728b)
Start importing Assets/Scripts/Sprites/Knight.psb using Guid(67e7f9ead7341174699eec7f5748c1d6) Importer(815301076,1909f56bfc062723c751e8b465ee728b)  -> (artifact id: '0eb72a4e1071fc7e76ac846593d54f52') in 0.280885 seconds
  Import took 0.292884 seconds .

========================================================================
Received Import Request.
  Time since last request: 111.394297 seconds.
  path: Assets/Scripts/Sprites/Knight.psb
  artifactKey: Guid(67e7f9ead7341174699eec7f5748c1d6) Importer(815301076,1909f56bfc062723c751e8b465ee728b)
Start importing Assets/Scripts/Sprites/Knight.psb using Guid(67e7f9ead7341174699eec7f5748c1d6) Importer(815301076,1909f56bfc062723c751e8b465ee728b)  -> (artifact id: 'a3ce4f29df0398059ed206d6fbd49eda') in 0.064577 seconds
  Import took 0.074452 seconds .

========================================================================
Received Prepare
Registering precompiled user dll's ...
Registered in 0.002110 seconds.
Begin MonoManager ReloadAssembly
Native extension for WindowsStandalone target not found
Refreshing native plugins compatible for Editor in 0.60 ms, found 1 plugins.
Preloading 0 native plugins for Editor in 0.00 ms.
Invoked RoslynAnalysisRunner static constructor.
RoslynAnalysisRunner will not be running.
RoslynAnalysisRunner has terminated.
Mono: successfully reloaded assembly
- Completed reload, in  1.049 seconds
Platform modules already initialized, skipping
Shader 'Universal Render Pipeline/Particles/Lit': fallback shader 'Universal Render Pipeline/Particles/SimpleLit' not found
Shader 'Universal Render Pipeline/Particles/Lit': fallback shader 'Universal Render Pipeline/Particles/SimpleLit' not found
Refreshing native plugins compatible for Editor in 0.53 ms, found 1 plugins.
Preloading 0 native plugins for Editor in 0.00 ms.
Unloading 3082 Unused Serialized files (Serialized files now loaded: 0)
System memory in use before: 139.5 MB.
System memory in use after: 137.2 MB.

Unloading 48 unused Assets to reduce memory usage. Loaded Objects now: 3747.
Total: 4.345000 ms (FindLiveObjects: 0.333900 ms CreateObjectMapping: 0.144200 ms MarkObjects: 2.267000 ms  DeleteObjects: 1.598700 ms)

========================================================================
Received Prepare
Registering precompiled user dll's ...
Registered in 0.001810 seconds.
Begin MonoManager ReloadAssembly
Native extension for WindowsStandalone target not found
Refreshing native plugins compatible for Editor in 0.48 ms, found 1 plugins.
Preloading 0 native plugins for Editor in 0.00 ms.
Invoked RoslynAnalysisRunner static constructor.
RoslynAnalysisRunner will not be running.
RoslynAnalysisRunner has terminated.
Mono: successfully reloaded assembly
- Completed reload, in  0.940 seconds
Platform modules already initialized, skipping
Shader 'Universal Render Pipeline/Particles/Lit': fallback shader 'Universal Render Pipeline/Particles/SimpleLit' not found
Shader 'Universal Render Pipeline/Particles/Lit': fallback shader 'Universal Render Pipeline/Particles/SimpleLit' not found
Refreshing native plugins compatible for Editor in 0.57 ms, found 1 plugins.
Preloading 0 native plugins for Editor in 0.00 ms.
Unloading 3082 Unused Serialized files (Serialized files now loaded: 0)
System memory in use before: 139.7 MB.
System memory in use after: 137.4 MB.

Unloading 48 unused Assets to reduce memory usage. Loaded Objects now: 3751.
Total: 3.626500 ms (FindLiveObjects: 0.291800 ms CreateObjectMapping: 0.135900 ms MarkObjects: 1.806300 ms  DeleteObjects: 1.391500 ms)

========================================================================
Received Import Request.
  Time since last request: 97.350439 seconds.
  path: Assets/Scripts/Sprites/Knight.psb
  artifactKey: Guid(67e7f9ead7341174699eec7f5748c1d6) Importer(815301076,1909f56bfc062723c751e8b465ee728b)
Start importing Assets/Scripts/Sprites/Knight.psb using Guid(67e7f9ead7341174699eec7f5748c1d6) Importer(815301076,1909f56bfc062723c751e8b465ee728b)  -> (artifact id: '0c4c3737ce5dbb32305bb5fdd68454ce') in 0.228513 seconds
  Import took 0.238416 seconds .

========================================================================
Received Import Request.
  Time since last request: 0.965222 seconds.
  path: Assets/Scripts/Sprites/Knight.psb
  artifactKey: Guid(67e7f9ead7341174699eec7f5748c1d6) Importer(815301076,1909f56bfc062723c751e8b465ee728b)
Start importing Assets/Scripts/Sprites/Knight.psb using Guid(67e7f9ead7341174699eec7f5748c1d6) Importer(815301076,1909f56bfc062723c751e8b465ee728b)  -> (artifact id: '0c4c3737ce5dbb32305bb5fdd68454ce') in 0.072725 seconds
  Import took 0.083746 seconds .

========================================================================
Received Prepare
Registering precompiled user dll's ...
Registered in 0.002132 seconds.
Begin MonoManager ReloadAssembly
Native extension for WindowsStandalone target not found
Refreshing native plugins compatible for Editor in 0.50 ms, found 1 plugins.
Preloading 0 native plugins for Editor in 0.00 ms.
Invoked RoslynAnalysisRunner static constructor.
RoslynAnalysisRunner will not be running.
RoslynAnalysisRunner has terminated.
Mono: successfully reloaded assembly
- Completed reload, in  1.002 seconds
Platform modules already initialized, skipping
Shader 'Universal Render Pipeline/Particles/Lit': fallback shader 'Universal Render Pipeline/Particles/SimpleLit' not found
Shader 'Universal Render Pipeline/Particles/Lit': fallback shader 'Universal Render Pipeline/Particles/SimpleLit' not found
Refreshing native plugins compatible for Editor in 0.57 ms, found 1 plugins.
Preloading 0 native plugins for Editor in 0.00 ms.
Unloading 3082 Unused Serialized files (Serialized files now loaded: 0)
System memory in use before: 139.7 MB.
System memory in use after: 137.4 MB.

Unloading 48 unused Assets to reduce memory usage. Loaded Objects now: 3791.
Total: 3.721000 ms (FindLiveObjects: 0.303400 ms CreateObjectMapping: 0.132200 ms MarkObjects: 1.894100 ms  DeleteObjects: 1.389900 ms)

========================================================================
Received Import Request.
  Time since last request: 28.801561 seconds.
  path: Assets/Scripts/Sprites/Knight.psb
  artifactKey: Guid(67e7f9ead7341174699eec7f5748c1d6) Importer(815301076,1909f56bfc062723c751e8b465ee728b)
Start importing Assets/Scripts/Sprites/Knight.psb using Guid(67e7f9ead7341174699eec7f5748c1d6) Importer(815301076,1909f56bfc062723c751e8b465ee728b)  -> (artifact id: 'a22b1d1d45bcbd84cec926acc752c7b9') in 0.270316 seconds
  Import took 0.281089 seconds .

========================================================================
Received Prepare
Registering precompiled user dll's ...
Registered in 0.001900 seconds.
Begin MonoManager ReloadAssembly
Native extension for WindowsStandalone target not found
Refreshing native plugins compatible for Editor in 0.58 ms, found 1 plugins.
Preloading 0 native plugins for Editor in 0.00 ms.
Invoked RoslynAnalysisRunner static constructor.
RoslynAnalysisRunner will not be running.
RoslynAnalysisRunner has terminated.
Mono: successfully reloaded assembly
- Completed reload, in  1.113 seconds
Platform modules already initialized, skipping
Shader 'Universal Render Pipeline/Particles/Lit': fallback shader 'Universal Render Pipeline/Particles/SimpleLit' not found
Shader 'Universal Render Pipeline/Particles/Lit': fallback shader 'Universal Render Pipeline/Particles/SimpleLit' not found
Refreshing native plugins compatible for Editor in 0.54 ms, found 1 plugins.
Preloading 0 native plugins for Editor in 0.00 ms.
Unloading 3082 Unused Serialized files (Serialized files now loaded: 0)
System memory in use before: 139.9 MB.
System memory in use after: 137.5 MB.

Unloading 48 unused Assets to reduce memory usage. Loaded Objects now: 3831.
Total: 5.359700 ms (FindLiveObjects: 0.674100 ms CreateObjectMapping: 0.240700 ms MarkObjects: 2.640200 ms  DeleteObjects: 1.803000 ms)

========================================================================
Received Import Request.
  Time since last request: 363.918221 seconds.
  path: Assets/Scripts/Sprites/Knight.png
  artifactKey: Guid(5a657326f3b045d44a69cfd40d5ebb4a) Importer(815301076,1909f56bfc062723c751e8b465ee728b)
Start importing Assets/Scripts/Sprites/Knight.png using Guid(5a657326f3b045d44a69cfd40d5ebb4a) Importer(815301076,1909f56bfc062723c751e8b465ee728b)  -> (artifact id: '715ab90ea510f69d950b90ddc5d78bd0') in 0.115634 seconds
  Import took 0.128149 seconds .

========================================================================
Received Import Request.
  Time since last request: 4.496479 seconds.
  path: Assets/Scripts/Sprites/Knight.png
  artifactKey: Guid(5a657326f3b045d44a69cfd40d5ebb4a) Importer(815301076,1909f56bfc062723c751e8b465ee728b)
Start importing Assets/Scripts/Sprites/Knight.png using Guid(5a657326f3b045d44a69cfd40d5ebb4a) Importer(815301076,1909f56bfc062723c751e8b465ee728b)  -> (artifact id: '4f55c722dbc004147f83960fdb28f881') in 0.021725 seconds
  Import took 0.031539 seconds .

========================================================================
Received Import Request.
  Time since last request: 8.067198 seconds.
  path: Assets/Scripts/Sprites/Knight.png
  artifactKey: Guid(5a657326f3b045d44a69cfd40d5ebb4a) Importer(815301076,1909f56bfc062723c751e8b465ee728b)
Start importing Assets/Scripts/Sprites/Knight.png using Guid(5a657326f3b045d44a69cfd40d5ebb4a) Importer(815301076,1909f56bfc062723c751e8b465ee728b)  -> (artifact id: '78c5da683a1334df35c90824bf746d21') in 0.024949 seconds
  Import took 0.038070 seconds .

========================================================================
Received Import Request.
  Time since last request: 15.178380 seconds.
  path: Assets/Scripts/Sprites/Knight.png
  artifactKey: Guid(5a657326f3b045d44a69cfd40d5ebb4a) Importer(815301076,1909f56bfc062723c751e8b465ee728b)
Start importing Assets/Scripts/Sprites/Knight.png using Guid(5a657326f3b045d44a69cfd40d5ebb4a) Importer(815301076,1909f56bfc062723c751e8b465ee728b)  -> (artifact id: 'b22c3dc176c503c754f84c9fe6d67b8b') in 0.052464 seconds
  Import took 0.062024 seconds .

========================================================================
Received Import Request.
  Time since last request: 17.912830 seconds.
  path: Assets/Scripts/Sprites/Knight.png
  artifactKey: Guid(5a657326f3b045d44a69cfd40d5ebb4a) Importer(815301076,1909f56bfc062723c751e8b465ee728b)
Start importing Assets/Scripts/Sprites/Knight.png using Guid(5a657326f3b045d44a69cfd40d5ebb4a) Importer(815301076,1909f56bfc062723c751e8b465ee728b)  -> (artifact id: '4ca32f6015cc5a81517f534ede1991cf') in 0.029580 seconds
  Import took 0.039112 seconds .

========================================================================
Received Import Request.
  Time since last request: 393.861265 seconds.
  path: Assets/Scripts/Sprites/Knight.psb
  artifactKey: Guid(67e7f9ead7341174699eec7f5748c1d6) Importer(815301076,1909f56bfc062723c751e8b465ee728b)
Start importing Assets/Scripts/Sprites/Knight.psb using Guid(67e7f9ead7341174699eec7f5748c1d6) Importer(815301076,1909f56bfc062723c751e8b465ee728b)  -> (artifact id: '1b20d8fdcf57776f1fc1eef9d1a78d4c') in 0.246899 seconds
  Import took 0.257055 seconds .

========================================================================
Received Import Request.
  Time since last request: 36.692846 seconds.
  path: Assets/Scripts/Sprites/Knight.psb
  artifactKey: Guid(67e7f9ead7341174699eec7f5748c1d6) Importer(815301076,1909f56bfc062723c751e8b465ee728b)
Start importing Assets/Scripts/Sprites/Knight.psb using Guid(67e7f9ead7341174699eec7f5748c1d6) Importer(815301076,1909f56bfc062723c751e8b465ee728b)  -> (artifact id: 'e85fd2621d5b603c627f10168b0d8983') in 0.054968 seconds
  Import took 0.063370 seconds .

========================================================================
Received Import Request.
  Time since last request: 10.160264 seconds.
  path: Assets/Scripts/Sprites/Knight.psb
  artifactKey: Guid(67e7f9ead7341174699eec7f5748c1d6) Importer(815301076,1909f56bfc062723c751e8b465ee728b)
Start importing Assets/Scripts/Sprites/Knight.psb using Guid(67e7f9ead7341174699eec7f5748c1d6) Importer(815301076,1909f56bfc062723c751e8b465ee728b)  -> (artifact id: 'bc20fb52b48b1f0e10acae8ece14d51c') in 0.052633 seconds
  Import took 0.061207 seconds .

========================================================================
Received Import Request.
  Time since last request: 12.830194 seconds.
  path: Assets/Scripts/Sprites/Knight.psb
  artifactKey: Guid(67e7f9ead7341174699eec7f5748c1d6) Importer(815301076,1909f56bfc062723c751e8b465ee728b)
Start importing Assets/Scripts/Sprites/Knight.psb using Guid(67e7f9ead7341174699eec7f5748c1d6) Importer(815301076,1909f56bfc062723c751e8b465ee728b)  -> (artifact id: '643f36c7ebc260d7871d61896841579a') in 0.056921 seconds
  Import took 0.066028 seconds .

========================================================================
Received Import Request.
  Time since last request: 4.378690 seconds.
  path: Assets/Scripts/Sprites/Knight.psb
  artifactKey: Guid(67e7f9ead7341174699eec7f5748c1d6) Importer(815301076,1909f56bfc062723c751e8b465ee728b)
Start importing Assets/Scripts/Sprites/Knight.psb using Guid(67e7f9ead7341174699eec7f5748c1d6) Importer(815301076,1909f56bfc062723c751e8b465ee728b)  -> (artifact id: 'ddaec366b6388f88c44102385858c2c5') in 0.059319 seconds
  Import took 0.072183 seconds .

========================================================================
Received Prepare
Registering precompiled user dll's ...
Registered in 0.002824 seconds.
Begin MonoManager ReloadAssembly
Native extension for WindowsStandalone target not found
Refreshing native plugins compatible for Editor in 0.61 ms, found 1 plugins.
Preloading 0 native plugins for Editor in 0.00 ms.
Invoked RoslynAnalysisRunner static constructor.
RoslynAnalysisRunner will not be running.
RoslynAnalysisRunner has terminated.
Mono: successfully reloaded assembly
- Completed reload, in  1.087 seconds
Platform modules already initialized, skipping
Shader 'Universal Render Pipeline/Particles/Lit': fallback shader 'Universal Render Pipeline/Particles/SimpleLit' not found
Shader 'Universal Render Pipeline/Particles/Lit': fallback shader 'Universal Render Pipeline/Particles/SimpleLit' not found
Refreshing native plugins compatible for Editor in 0.52 ms, found 1 plugins.
Preloading 0 native plugins for Editor in 0.00 ms.
Unloading 3082 Unused Serialized files (Serialized files now loaded: 0)
System memory in use before: 140.2 MB.
System memory in use after: 137.8 MB.

Unloading 48 unused Assets to reduce memory usage. Loaded Objects now: 3875.
Total: 4.374300 ms (FindLiveObjects: 0.418000 ms CreateObjectMapping: 0.194800 ms MarkObjects: 2.211700 ms  DeleteObjects: 1.548400 ms)

========================================================================
Received Import Request.
  Time since last request: 29.475770 seconds.
  path: Assets/Scripts/Sprites/Knight.psb
  artifactKey: Guid(67e7f9ead7341174699eec7f5748c1d6) Importer(815301076,1909f56bfc062723c751e8b465ee728b)
Start importing Assets/Scripts/Sprites/Knight.psb using Guid(67e7f9ead7341174699eec7f5748c1d6) Importer(815301076,1909f56bfc062723c751e8b465ee728b)  -> (artifact id: '8702ef7c5b4fe86eedada3c626e743fb') in 0.257317 seconds
  Import took 0.270449 seconds .

========================================================================
Received Import Request.
  Time since last request: 9.885152 seconds.
  path: Assets/Scripts/Sprites/Knight.psb
  artifactKey: Guid(67e7f9ead7341174699eec7f5748c1d6) Importer(815301076,1909f56bfc062723c751e8b465ee728b)
Start importing Assets/Scripts/Sprites/Knight.psb using Guid(67e7f9ead7341174699eec7f5748c1d6) Importer(815301076,1909f56bfc062723c751e8b465ee728b)  -> (artifact id: '3d8863b964e2850c4193a1d0febe584b') in 0.052318 seconds
  Import took 0.061441 seconds .

========================================================================
Received Import Request.
  Time since last request: 101.664667 seconds.
  path: Assets/Scripts/Sprites/Knight.psb
  artifactKey: Guid(67e7f9ead7341174699eec7f5748c1d6) Importer(815301076,1909f56bfc062723c751e8b465ee728b)
Start importing Assets/Scripts/Sprites/Knight.psb using Guid(67e7f9ead7341174699eec7f5748c1d6) Importer(815301076,1909f56bfc062723c751e8b465ee728b)  -> (artifact id: 'dc627ac1e1feb6203b3686d822028700') in 0.064784 seconds
  Import took 0.075064 seconds .

========================================================================
Received Import Request.
  Time since last request: 105.214357 seconds.
  path: Assets/Scripts/Sprites/Knight.psb
  artifactKey: Guid(67e7f9ead7341174699eec7f5748c1d6) Importer(815301076,1909f56bfc062723c751e8b465ee728b)
Start importing Assets/Scripts/Sprites/Knight.psb using Guid(67e7f9ead7341174699eec7f5748c1d6) Importer(815301076,1909f56bfc062723c751e8b465ee728b)  -> (artifact id: 'f20c6bd13daa151b6631c3874448359f') in 0.060174 seconds
  Import took 0.070192 seconds .

========================================================================
Received Import Request.
  Time since last request: 90.513735 seconds.
  path: Assets/Scripts/Sprites/Knight.psb
  artifactKey: Guid(67e7f9ead7341174699eec7f5748c1d6) Importer(815301076,1909f56bfc062723c751e8b465ee728b)
Start importing Assets/Scripts/Sprites/Knight.psb using Guid(67e7f9ead7341174699eec7f5748c1d6) Importer(815301076,1909f56bfc062723c751e8b465ee728b)  -> (artifact id: '5219caec31fe3ab959c4bedbc5389e57') in 0.074533 seconds
  Import took 0.095272 seconds .

========================================================================
Received Import Request.
  Time since last request: 33.836881 seconds.
  path: Assets/Scripts/Sprites/Knight.psb
  artifactKey: Guid(67e7f9ead7341174699eec7f5748c1d6) Importer(815301076,1909f56bfc062723c751e8b465ee728b)
Start importing Assets/Scripts/Sprites/Knight.psb using Guid(67e7f9ead7341174699eec7f5748c1d6) Importer(815301076,1909f56bfc062723c751e8b465ee728b)  -> (artifact id: '5b1c70ee234359bfc0101b9b2a57ba90') in 0.061795 seconds
  Import took 0.070733 seconds .

========================================================================
Received Import Request.
  Time since last request: 34.381172 seconds.
  path: Assets/Scripts/Sprites/Knight.psb
  artifactKey: Guid(67e7f9ead7341174699eec7f5748c1d6) Importer(815301076,1909f56bfc062723c751e8b465ee728b)
Start importing Assets/Scripts/Sprites/Knight.psb using Guid(67e7f9ead7341174699eec7f5748c1d6) Importer(815301076,1909f56bfc062723c751e8b465ee728b)  -> (artifact id: 'cc2b452091aaa0e3fb12eae5a7a14683') in 0.058638 seconds
  Import took 0.068410 seconds .

========================================================================
Received Prepare
Registering precompiled user dll's ...
Registered in 0.002206 seconds.
Begin MonoManager ReloadAssembly
Native extension for WindowsStandalone target not found
Refreshing native plugins compatible for Editor in 0.56 ms, found 1 plugins.
Preloading 0 native plugins for Editor in 0.00 ms.
Invoked RoslynAnalysisRunner static constructor.
RoslynAnalysisRunner will not be running.
RoslynAnalysisRunner has terminated.
Mono: successfully reloaded assembly
- Completed reload, in  1.370 seconds
Platform modules already initialized, skipping
Shader 'Universal Render Pipeline/Particles/Lit': fallback shader 'Universal Render Pipeline/Particles/SimpleLit' not found
Shader 'Universal Render Pipeline/Particles/Lit': fallback shader 'Universal Render Pipeline/Particles/SimpleLit' not found
Refreshing native plugins compatible for Editor in 0.50 ms, found 1 plugins.
Preloading 0 native plugins for Editor in 0.00 ms.
Unloading 3082 Unused Serialized files (Serialized files now loaded: 0)
System memory in use before: 140.4 MB.
System memory in use after: 138.0 MB.

Unloading 48 unused Assets to reduce memory usage. Loaded Objects now: 3915.
Total: 4.603800 ms (FindLiveObjects: 0.409400 ms CreateObjectMapping: 0.178700 ms MarkObjects: 2.301700 ms  DeleteObjects: 1.712800 ms)

========================================================================
Received Prepare
Registering precompiled user dll's ...
Registered in 0.001937 seconds.
Begin MonoManager ReloadAssembly
Native extension for WindowsStandalone target not found
Refreshing native plugins compatible for Editor in 0.54 ms, found 1 plugins.
Preloading 0 native plugins for Editor in 0.00 ms.
Invoked RoslynAnalysisRunner static constructor.
RoslynAnalysisRunner will not be running.
RoslynAnalysisRunner has terminated.
Mono: successfully reloaded assembly
- Completed reload, in  1.351 seconds
Platform modules already initialized, skipping
Shader 'Universal Render Pipeline/Particles/Lit': fallback shader 'Universal Render Pipeline/Particles/SimpleLit' not found
Shader 'Universal Render Pipeline/Particles/Lit': fallback shader 'Universal Render Pipeline/Particles/SimpleLit' not found
Refreshing native plugins compatible for Editor in 0.52 ms, found 1 plugins.
Preloading 0 native plugins for Editor in 0.00 ms.
Unloading 3082 Unused Serialized files (Serialized files now loaded: 0)
System memory in use before: 140.4 MB.
System memory in use after: 138.0 MB.

Unloading 48 unused Assets to reduce memory usage. Loaded Objects now: 3919.
Total: 4.702000 ms (FindLiveObjects: 0.370700 ms CreateObjectMapping: 0.244900 ms MarkObjects: 2.340200 ms  DeleteObjects: 1.744700 ms)

========================================================================
Received Prepare
Registering precompiled user dll's ...
Registered in 0.001827 seconds.
Begin MonoManager ReloadAssembly
Native extension for WindowsStandalone target not found
Refreshing native plugins compatible for Editor in 0.59 ms, found 1 plugins.
Preloading 0 native plugins for Editor in 0.00 ms.
Invoked RoslynAnalysisRunner static constructor.
RoslynAnalysisRunner will not be running.
RoslynAnalysisRunner has terminated.
Mono: successfully reloaded assembly
- Completed reload, in  1.097 seconds
Platform modules already initialized, skipping
Shader 'Universal Render Pipeline/Particles/Lit': fallback shader 'Universal Render Pipeline/Particles/SimpleLit' not found
Shader 'Universal Render Pipeline/Particles/Lit': fallback shader 'Universal Render Pipeline/Particles/SimpleLit' not found
Refreshing native plugins compatible for Editor in 0.65 ms, found 1 plugins.
Preloading 0 native plugins for Editor in 0.00 ms.
Unloading 3082 Unused Serialized files (Serialized files now loaded: 0)
System memory in use before: 140.3 MB.
System memory in use after: 138.0 MB.

Unloading 48 unused Assets to reduce memory usage. Loaded Objects now: 3923.
Total: 5.216000 ms (FindLiveObjects: 0.438100 ms CreateObjectMapping: 0.222400 ms MarkObjects: 2.929700 ms  DeleteObjects: 1.624300 ms)

========================================================================
Received Import Request.
  Time since last request: 305.484911 seconds.
  path: Assets/Prefabs/Player.prefab
  artifactKey: Guid(053096489302b0042a3d6eb6d50b8c9f) Importer(815301076,1909f56bfc062723c751e8b465ee728b)
Start importing Assets/Prefabs/Player.prefab using Guid(053096489302b0042a3d6eb6d50b8c9f) Importer(815301076,1909f56bfc062723c751e8b465ee728b)  -> (artifact id: '0e4996793ace0c5eb854d0407d8a0202') in 0.193397 seconds
  Import took 0.203342 seconds .

========================================================================
Received Import Request.
  Time since last request: 0.000189 seconds.
  path: Assets/Prefabs/Enemy.prefab
  artifactKey: Guid(1f8129ca0d4e67a49bfd8c36091d2b6f) Importer(815301076,1909f56bfc062723c751e8b465ee728b)
Start importing Assets/Prefabs/Enemy.prefab using Guid(1f8129ca0d4e67a49bfd8c36091d2b6f) Importer(815301076,1909f56bfc062723c751e8b465ee728b)  -> (artifact id: '5d7c9908fc884f78f39bd09af6d04c45') in 0.019963 seconds
  Import took 0.030874 seconds .

========================================================================
Received Import Request.
  Time since last request: 40.203174 seconds.
  path: Assets/Materials/Player.mat
  artifactKey: Guid(8d586f4fdd18b83478edc1f260f51c27) Importer(815301076,1909f56bfc062723c751e8b465ee728b)
Start importing Assets/Materials/Player.mat using Guid(8d586f4fdd18b83478edc1f260f51c27) Importer(815301076,1909f56bfc062723c751e8b465ee728b)  -> (artifact id: 'dcb7a71ee9aa05acaec697a61d69e3ad') in 0.045928 seconds
  Import took 0.059466 seconds .

========================================================================
Received Import Request.
  Time since last request: 759.398229 seconds.
  path: Assets/EnemyController.cs
  artifactKey: Guid(d85c9ee3fb677da4ba77560e117ead91) Importer(815301076,1909f56bfc062723c751e8b465ee728b)
Start importing Assets/EnemyController.cs using Guid(d85c9ee3fb677da4ba77560e117ead91) Importer(815301076,1909f56bfc062723c751e8b465ee728b)  -> (artifact id: 'e77b0c7699e60bab059d4d3ab8f3dd1f') in 0.006880 seconds
  Import took 0.017548 seconds .

========================================================================
Received Prepare
Registering precompiled user dll's ...
Registered in 0.001878 seconds.
Begin MonoManager ReloadAssembly
Native extension for WindowsStandalone target not found
Refreshing native plugins compatible for Editor in 0.62 ms, found 1 plugins.
Preloading 0 native plugins for Editor in 0.00 ms.
Invoked RoslynAnalysisRunner static constructor.
RoslynAnalysisRunner will not be running.
RoslynAnalysisRunner has terminated.
Mono: successfully reloaded assembly
- Completed reload, in  1.103 seconds
Platform modules already initialized, skipping
Shader 'Universal Render Pipeline/Particles/Lit': fallback shader 'Universal Render Pipeline/Particles/SimpleLit' not found
Shader 'Universal Render Pipeline/Particles/Lit': fallback shader 'Universal Render Pipeline/Particles/SimpleLit' not found
Refreshing native plugins compatible for Editor in 0.55 ms, found 1 plugins.
Preloading 0 native plugins for Editor in 0.00 ms.
Unloading 3082 Unused Serialized files (Serialized files now loaded: 0)
System memory in use before: 140.7 MB.
System memory in use after: 138.4 MB.

Unloading 48 unused Assets to reduce memory usage. Loaded Objects now: 3997.
Total: 4.556100 ms (FindLiveObjects: 0.431100 ms CreateObjectMapping: 0.251300 ms MarkObjects: 2.286200 ms  DeleteObjects: 1.585800 ms)

========================================================================
Received Prepare
Registering precompiled user dll's ...
Registered in 0.001814 seconds.
Begin MonoManager ReloadAssembly
Native extension for WindowsStandalone target not found
Refreshing native plugins compatible for Editor in 0.54 ms, found 1 plugins.
Preloading 0 native plugins for Editor in 0.00 ms.
Invoked RoslynAnalysisRunner static constructor.
RoslynAnalysisRunner will not be running.
RoslynAnalysisRunner has terminated.
Mono: successfully reloaded assembly
- Completed reload, in  1.085 seconds
Platform modules already initialized, skipping
Shader 'Universal Render Pipeline/Particles/Lit': fallback shader 'Universal Render Pipeline/Particles/SimpleLit' not found
Shader 'Universal Render Pipeline/Particles/Lit': fallback shader 'Universal Render Pipeline/Particles/SimpleLit' not found
Refreshing native plugins compatible for Editor in 0.56 ms, found 1 plugins.
Preloading 0 native plugins for Editor in 0.00 ms.
Unloading 3082 Unused Serialized files (Serialized files now loaded: 0)
System memory in use before: 140.8 MB.
System memory in use after: 138.4 MB.

Unloading 48 unused Assets to reduce memory usage. Loaded Objects now: 4001.
Total: 4.285900 ms (FindLiveObjects: 0.344500 ms CreateObjectMapping: 0.165200 ms MarkObjects: 2.245900 ms  DeleteObjects: 1.528700 ms)

========================================================================
Received Prepare
Registering precompiled user dll's ...
Registered in 0.001810 seconds.
Begin MonoManager ReloadAssembly
Native extension for WindowsStandalone target not found
Refreshing native plugins compatible for Editor in 0.54 ms, found 1 plugins.
Preloading 0 native plugins for Editor in 0.00 ms.
Invoked RoslynAnalysisRunner static constructor.
RoslynAnalysisRunner will not be running.
RoslynAnalysisRunner has terminated.
Mono: successfully reloaded assembly
- Completed reload, in  1.038 seconds
Platform modules already initialized, skipping
Shader 'Universal Render Pipeline/Particles/Lit': fallback shader 'Universal Render Pipeline/Particles/SimpleLit' not found
Shader 'Universal Render Pipeline/Particles/Lit': fallback shader 'Universal Render Pipeline/Particles/SimpleLit' not found
Refreshing native plugins compatible for Editor in 0.62 ms, found 1 plugins.
Preloading 0 native plugins for Editor in 0.00 ms.
Unloading 3082 Unused Serialized files (Serialized files now loaded: 0)
System memory in use before: 140.7 MB.
System memory in use after: 138.4 MB.

Unloading 48 unused Assets to reduce memory usage. Loaded Objects now: 4005.
Total: 4.648500 ms (FindLiveObjects: 0.362600 ms CreateObjectMapping: 0.191100 ms MarkObjects: 2.508000 ms  DeleteObjects: 1.585500 ms)

========================================================================
Received Prepare
Registering precompiled user dll's ...
Registered in 0.002074 seconds.
Begin MonoManager ReloadAssembly
Native extension for WindowsStandalone target not found
Refreshing native plugins compatible for Editor in 0.62 ms, found 1 plugins.
Preloading 0 native plugins for Editor in 0.00 ms.
Invoked RoslynAnalysisRunner static constructor.
RoslynAnalysisRunner will not be running.
RoslynAnalysisRunner has terminated.
Mono: successfully reloaded assembly
- Completed reload, in  1.007 seconds
Platform modules already initialized, skipping
Shader 'Universal Render Pipeline/Particles/Lit': fallback shader 'Universal Render Pipeline/Particles/SimpleLit' not found
Shader 'Universal Render Pipeline/Particles/Lit': fallback shader 'Universal Render Pipeline/Particles/SimpleLit' not found
Refreshing native plugins compatible for Editor in 0.55 ms, found 1 plugins.
Preloading 0 native plugins for Editor in 0.00 ms.
Unloading 3082 Unused Serialized files (Serialized files now loaded: 0)
System memory in use before: 141.0 MB.
System memory in use after: 138.6 MB.

Unloading 48 unused Assets to reduce memory usage. Loaded Objects now: 4009.
Total: 5.748300 ms (FindLiveObjects: 0.690200 ms CreateObjectMapping: 0.280600 ms MarkObjects: 2.722000 ms  DeleteObjects: 2.053500 ms)

========================================================================
Received Import Request.
  Time since last request: 193.115251 seconds.
  path: Assets/Animation/Knight
  artifactKey: Guid(adfdef5c7ccc41745b2b4f6ecbf49f48) Importer(815301076,1909f56bfc062723c751e8b465ee728b)
Start importing Assets/Animation/Knight using Guid(adfdef5c7ccc41745b2b4f6ecbf49f48) Importer(815301076,1909f56bfc062723c751e8b465ee728b)  -> (artifact id: '5df35b4b5833e52140629401dce2cdcb') in 0.007399 seconds
  Import took 0.015881 seconds .

========================================================================
Received Import Request.
  Time since last request: 1.634866 seconds.
  path: Assets/Animation/Knight/Rig.controller
  artifactKey: Guid(d5e50d013a7e2b94e94832c4f85561f0) Importer(815301076,1909f56bfc062723c751e8b465ee728b)
Start importing Assets/Animation/Knight/Rig.controller using Guid(d5e50d013a7e2b94e94832c4f85561f0) Importer(815301076,1909f56bfc062723c751e8b465ee728b)  -> (artifact id: 'f5550051ce48d93b139485dc5639f3ca') in 0.020474 seconds
  Import took 0.030263 seconds .

========================================================================
Received Prepare
Registering precompiled user dll's ...
Registered in 0.001849 seconds.
Begin MonoManager ReloadAssembly
Native extension for WindowsStandalone target not found
Refreshing native plugins compatible for Editor in 0.60 ms, found 1 plugins.
Preloading 0 native plugins for Editor in 0.00 ms.
Invoked RoslynAnalysisRunner static constructor.
RoslynAnalysisRunner will not be running.
RoslynAnalysisRunner has terminated.
Mono: successfully reloaded assembly
- Completed reload, in  1.044 seconds
Platform modules already initialized, skipping
Shader 'Universal Render Pipeline/Particles/Lit': fallback shader 'Universal Render Pipeline/Particles/SimpleLit' not found
Shader 'Universal Render Pipeline/Particles/Lit': fallback shader 'Universal Render Pipeline/Particles/SimpleLit' not found
Refreshing native plugins compatible for Editor in 0.58 ms, found 1 plugins.
Preloading 0 native plugins for Editor in 0.00 ms.
Unloading 3082 Unused Serialized files (Serialized files now loaded: 0)
System memory in use before: 140.8 MB.
System memory in use after: 138.5 MB.

Unloading 48 unused Assets to reduce memory usage. Loaded Objects now: 4013.
Total: 4.712300 ms (FindLiveObjects: 0.465300 ms CreateObjectMapping: 0.219100 ms MarkObjects: 2.438400 ms  DeleteObjects: 1.587700 ms)

========================================================================
Received Prepare
Registering precompiled user dll's ...
Registered in 0.001816 seconds.
Begin MonoManager ReloadAssembly
Native extension for WindowsStandalone target not found
Refreshing native plugins compatible for Editor in 0.67 ms, found 1 plugins.
Preloading 0 native plugins for Editor in 0.00 ms.
Invoked RoslynAnalysisRunner static constructor.
RoslynAnalysisRunner will not be running.
RoslynAnalysisRunner has terminated.
Mono: successfully reloaded assembly
- Completed reload, in  1.004 seconds
Platform modules already initialized, skipping
Shader 'Universal Render Pipeline/Particles/Lit': fallback shader 'Universal Render Pipeline/Particles/SimpleLit' not found
Shader 'Universal Render Pipeline/Particles/Lit': fallback shader 'Universal Render Pipeline/Particles/SimpleLit' not found
Refreshing native plugins compatible for Editor in 0.60 ms, found 1 plugins.
Preloading 0 native plugins for Editor in 0.00 ms.
Unloading 3082 Unused Serialized files (Serialized files now loaded: 0)
System memory in use before: 140.8 MB.
System memory in use after: 138.5 MB.

Unloading 48 unused Assets to reduce memory usage. Loaded Objects now: 4017.
Total: 4.793000 ms (FindLiveObjects: 0.410800 ms CreateObjectMapping: 0.211600 ms MarkObjects: 2.637400 ms  DeleteObjects: 1.531900 ms)

========================================================================
Received Prepare
Registering precompiled user dll's ...
Registered in 0.001863 seconds.
Begin MonoManager ReloadAssembly
Native extension for WindowsStandalone target not found
Refreshing native plugins compatible for Editor in 0.52 ms, found 1 plugins.
Preloading 0 native plugins for Editor in 0.00 ms.
Invoked RoslynAnalysisRunner static constructor.
RoslynAnalysisRunner will not be running.
RoslynAnalysisRunner has terminated.
Mono: successfully reloaded assembly
- Completed reload, in  1.015 seconds
Platform modules already initialized, skipping
Shader 'Universal Render Pipeline/Particles/Lit': fallback shader 'Universal Render Pipeline/Particles/SimpleLit' not found
Shader 'Universal Render Pipeline/Particles/Lit': fallback shader 'Universal Render Pipeline/Particles/SimpleLit' not found
Refreshing native plugins compatible for Editor in 0.52 ms, found 1 plugins.
Preloading 0 native plugins for Editor in 0.00 ms.
Unloading 3082 Unused Serialized files (Serialized files now loaded: 0)
System memory in use before: 141.0 MB.
System memory in use after: 138.6 MB.

Unloading 48 unused Assets to reduce memory usage. Loaded Objects now: 4021.
Total: 4.338600 ms (FindLiveObjects: 0.393600 ms CreateObjectMapping: 0.168800 ms MarkObjects: 2.295100 ms  DeleteObjects: 1.479700 ms)

========================================================================
Received Import Request.
  Time since last request: 499.725203 seconds.
  path: Assets/Animation/Knight/Rig.controller
  artifactKey: Guid(d5e50d013a7e2b94e94832c4f85561f0) Importer(815301076,1909f56bfc062723c751e8b465ee728b)
Start importing Assets/Animation/Knight/Rig.controller using Guid(d5e50d013a7e2b94e94832c4f85561f0) Importer(815301076,1909f56bfc062723c751e8b465ee728b)  -> (artifact id: '346e34e6eefecd5a078923f47a06a2a6') in 0.017950 seconds
  Import took 0.028988 seconds .

========================================================================
Received Prepare
Registering precompiled user dll's ...
Registered in 0.002130 seconds.
Begin MonoManager ReloadAssembly
Native extension for WindowsStandalone target not found
Refreshing native plugins compatible for Editor in 0.62 ms, found 1 plugins.
Preloading 0 native plugins for Editor in 0.00 ms.
Invoked RoslynAnalysisRunner static constructor.
RoslynAnalysisRunner will not be running.
RoslynAnalysisRunner has terminated.
Mono: successfully reloaded assembly
- Completed reload, in  1.070 seconds
Platform modules already initialized, skipping
Shader 'Universal Render Pipeline/Particles/Lit': fallback shader 'Universal Render Pipeline/Particles/SimpleLit' not found
Shader 'Universal Render Pipeline/Particles/Lit': fallback shader 'Universal Render Pipeline/Particles/SimpleLit' not found
Refreshing native plugins compatible for Editor in 0.57 ms, found 1 plugins.
Preloading 0 native plugins for Editor in 0.00 ms.
Unloading 3082 Unused Serialized files (Serialized files now loaded: 0)
System memory in use before: 140.8 MB.
System memory in use after: 138.5 MB.

Unloading 48 unused Assets to reduce memory usage. Loaded Objects now: 4025.
Total: 6.865300 ms (FindLiveObjects: 2.610500 ms CreateObjectMapping: 0.315500 ms MarkObjects: 2.412400 ms  DeleteObjects: 1.525400 ms)

========================================================================
Received Prepare
Registering precompiled user dll's ...
Registered in 0.001891 seconds.
Begin MonoManager ReloadAssembly
Native extension for WindowsStandalone target not found
Refreshing native plugins compatible for Editor in 0.60 ms, found 1 plugins.
Preloading 0 native plugins for Editor in 0.00 ms.
Invoked RoslynAnalysisRunner static constructor.
RoslynAnalysisRunner will not be running.
RoslynAnalysisRunner has terminated.
Mono: successfully reloaded assembly
- Completed reload, in  1.082 seconds
Platform modules already initialized, skipping
Shader 'Universal Render Pipeline/Particles/Lit': fallback shader 'Universal Render Pipeline/Particles/SimpleLit' not found
Shader 'Universal Render Pipeline/Particles/Lit': fallback shader 'Universal Render Pipeline/Particles/SimpleLit' not found
Refreshing native plugins compatible for Editor in 0.54 ms, found 1 plugins.
Preloading 0 native plugins for Editor in 0.00 ms.
Unloading 3082 Unused Serialized files (Serialized files now loaded: 0)
System memory in use before: 140.8 MB.
System memory in use after: 138.5 MB.

Unloading 48 unused Assets to reduce memory usage. Loaded Objects now: 4029.
Total: 6.196900 ms (FindLiveObjects: 0.550800 ms CreateObjectMapping: 0.229900 ms MarkObjects: 3.617000 ms  DeleteObjects: 1.797200 ms)

========================================================================
Received Import Request.
  Time since last request: 749.456917 seconds.
  path: Assets/Scripts/Sprites/Sword.png
  artifactKey: Guid(00fff84e85794634ab2b6963be37a0b5) Importer(815301076,1909f56bfc062723c751e8b465ee728b)
Start importing Assets/Scripts/Sprites/Sword.png using Guid(00fff84e85794634ab2b6963be37a0b5) Importer(815301076,1909f56bfc062723c751e8b465ee728b)  -> (artifact id: '83ac1c2ce486bd5f78f6acb5a1270fed') in 0.050575 seconds
  Import took 0.060526 seconds .

========================================================================
Received Import Request.
  Time since last request: 0.010807 seconds.
  path: Assets/Scripts/Sprites/Sword.png
  artifactKey: Guid(00fff84e85794634ab2b6963be37a0b5) Importer(815301076,1909f56bfc062723c751e8b465ee728b)
Start importing Assets/Scripts/Sprites/Sword.png using Guid(00fff84e85794634ab2b6963be37a0b5) Importer(815301076,1909f56bfc062723c751e8b465ee728b)  -> (artifact id: '83ac1c2ce486bd5f78f6acb5a1270fed') in 0.008137 seconds
  Import took 0.015846 seconds .

========================================================================
Received Import Request.
  Time since last request: 2.888858 seconds.
  path: Assets/Scripts/Sprites/Sword.png
  artifactKey: Guid(00fff84e85794634ab2b6963be37a0b5) Importer(815301076,1909f56bfc062723c751e8b465ee728b)
Start importing Assets/Scripts/Sprites/Sword.png using Guid(00fff84e85794634ab2b6963be37a0b5) Importer(815301076,1909f56bfc062723c751e8b465ee728b)  -> (artifact id: '694b69fda0d203a98d0b21ffcc75a90a') in 0.023754 seconds
  Import took 0.033687 seconds .

========================================================================
Received Import Request.
  Time since last request: 0.001293 seconds.
  path: Assets/Scripts/Sprites/Sword.png
  artifactKey: Guid(00fff84e85794634ab2b6963be37a0b5) Importer(815301076,1909f56bfc062723c751e8b465ee728b)
Start importing Assets/Scripts/Sprites/Sword.png using Guid(00fff84e85794634ab2b6963be37a0b5) Importer(815301076,1909f56bfc062723c751e8b465ee728b)  -> (artifact id: '694b69fda0d203a98d0b21ffcc75a90a') in 0.017647 seconds
  Import took 0.028072 seconds .

========================================================================
Received Import Request.
  Time since last request: 2.468165 seconds.
  path: Assets/Scripts/Sprites/Sword.png
  artifactKey: Guid(00fff84e85794634ab2b6963be37a0b5) Importer(815301076,1909f56bfc062723c751e8b465ee728b)
Start importing Assets/Scripts/Sprites/Sword.png using Guid(00fff84e85794634ab2b6963be37a0b5) Importer(815301076,1909f56bfc062723c751e8b465ee728b)  -> (artifact id: '322fc997916f44ace35d197b28800e30') in 0.031153 seconds
  Import took 0.042321 seconds .

========================================================================
Received Import Request.
  Time since last request: 0.001706 seconds.
  path: Assets/Scripts/Sprites/Sword.png
  artifactKey: Guid(00fff84e85794634ab2b6963be37a0b5) Importer(815301076,1909f56bfc062723c751e8b465ee728b)
Start importing Assets/Scripts/Sprites/Sword.png using Guid(00fff84e85794634ab2b6963be37a0b5) Importer(815301076,1909f56bfc062723c751e8b465ee728b)  -> (artifact id: '322fc997916f44ace35d197b28800e30') in 0.016002 seconds
  Import took 0.024793 seconds .

========================================================================
Received Import Request.
  Time since last request: 2.462798 seconds.
  path: Assets/Scripts/Sprites/Sword.png
  artifactKey: Guid(00fff84e85794634ab2b6963be37a0b5) Importer(815301076,1909f56bfc062723c751e8b465ee728b)
Start importing Assets/Scripts/Sprites/Sword.png using Guid(00fff84e85794634ab2b6963be37a0b5) Importer(815301076,1909f56bfc062723c751e8b465ee728b)  -> (artifact id: '948c9c193a9eea8ceb2ecf986bdd2b01') in 0.016318 seconds
  Import took 0.025592 seconds .

========================================================================
Received Import Request.
  Time since last request: 30.656118 seconds.
  path: Assets/Scripts/Sprites/Sword.png
  artifactKey: Guid(00fff84e85794634ab2b6963be37a0b5) Importer(815301076,1909f56bfc062723c751e8b465ee728b)
Start importing Assets/Scripts/Sprites/Sword.png using Guid(00fff84e85794634ab2b6963be37a0b5) Importer(815301076,1909f56bfc062723c751e8b465ee728b)  -> (artifact id: 'a3d03660f7edb9ef7ad8d653f307c2f4') in 0.014421 seconds
  Import took 0.024221 seconds .

========================================================================
Received Import Request.
  Time since last request: 49.601186 seconds.
  path: Assets/Scripts/Sprites/Sword.png
  artifactKey: Guid(00fff84e85794634ab2b6963be37a0b5) Importer(815301076,1909f56bfc062723c751e8b465ee728b)
Start importing Assets/Scripts/Sprites/Sword.png using Guid(00fff84e85794634ab2b6963be37a0b5) Importer(815301076,1909f56bfc062723c751e8b465ee728b)  -> (artifact id: 'c187e6b9f9e0b7eaadb3cd35e8c42cf7') in 0.013298 seconds
  Import took 0.022391 seconds .

========================================================================
Received Import Request.
  Time since last request: 2.719646 seconds.
  path: Assets/Scripts/Sprites/Sword.png
  artifactKey: Guid(00fff84e85794634ab2b6963be37a0b5) Importer(815301076,1909f56bfc062723c751e8b465ee728b)
Start importing Assets/Scripts/Sprites/Sword.png using Guid(00fff84e85794634ab2b6963be37a0b5) Importer(815301076,1909f56bfc062723c751e8b465ee728b)  -> (artifact id: 'ea1f80ed05b3f2b9a8067006c48fcc44') in 0.016861 seconds
  Import took 0.026169 seconds .

========================================================================
Received Import Request.
  Time since last request: 2.185606 seconds.
  path: Assets/Scripts/Sprites/Sword.png
  artifactKey: Guid(00fff84e85794634ab2b6963be37a0b5) Importer(815301076,1909f56bfc062723c751e8b465ee728b)
Start importing Assets/Scripts/Sprites/Sword.png using Guid(00fff84e85794634ab2b6963be37a0b5) Importer(815301076,1909f56bfc062723c751e8b465ee728b)  -> (artifact id: '968eb218ac8c1867ee141c961dc35171') in 0.015801 seconds
  Import took 0.028372 seconds .

========================================================================
Received Import Request.
  Time since last request: 4.622251 seconds.
  path: Assets/Scripts/Sprites/Sword.png
  artifactKey: Guid(00fff84e85794634ab2b6963be37a0b5) Importer(815301076,1909f56bfc062723c751e8b465ee728b)
Start importing Assets/Scripts/Sprites/Sword.png using Guid(00fff84e85794634ab2b6963be37a0b5) Importer(815301076,1909f56bfc062723c751e8b465ee728b)  -> (artifact id: '91dde6aa0191274c170c3631a1b72a03') in 0.011787 seconds
  Import took 0.022969 seconds .

========================================================================
Received Import Request.
  Time since last request: 0.001373 seconds.
  path: Assets/Scripts/Sprites/Sword.png
  artifactKey: Guid(00fff84e85794634ab2b6963be37a0b5) Importer(815301076,1909f56bfc062723c751e8b465ee728b)
Start importing Assets/Scripts/Sprites/Sword.png using Guid(00fff84e85794634ab2b6963be37a0b5) Importer(815301076,1909f56bfc062723c751e8b465ee728b)  -> (artifact id: '91dde6aa0191274c170c3631a1b72a03') in 0.013362 seconds
  Import took 0.022421 seconds .

========================================================================
Received Prepare
Registering precompiled user dll's ...
Registered in 0.149665 seconds.
Begin MonoManager ReloadAssembly
Native extension for WindowsStandalone target not found
Refreshing native plugins compatible for Editor in 0.64 ms, found 1 plugins.
Preloading 0 native plugins for Editor in 0.00 ms.
Invoked RoslynAnalysisRunner static constructor.
RoslynAnalysisRunner will not be running.
RoslynAnalysisRunner has terminated.
Mono: successfully reloaded assembly
- Completed reload, in  7.160 seconds
Platform modules already initialized, skipping
Shader 'Universal Render Pipeline/Particles/Lit': fallback shader 'Universal Render Pipeline/Particles/SimpleLit' not found
Shader 'Universal Render Pipeline/Particles/Lit': fallback shader 'Universal Render Pipeline/Particles/SimpleLit' not found
Refreshing native plugins compatible for Editor in 0.60 ms, found 1 plugins.
Preloading 0 native plugins for Editor in 0.00 ms.
Unloading 3082 Unused Serialized files (Serialized files now loaded: 0)
System memory in use before: 141.0 MB.
System memory in use after: 138.7 MB.

Unloading 48 unused Assets to reduce memory usage. Loaded Objects now: 4037.
Total: 5.024200 ms (FindLiveObjects: 0.408700 ms CreateObjectMapping: 0.184800 ms MarkObjects: 2.925800 ms  DeleteObjects: 1.503300 ms)

AssetImportWorkerClient::OnTransportError - code=2 error=End of file
